<testsuite name="login_features.login.Login functionality" tests="1" errors="0" failures="0" skipped="0" time="18.163719" timestamp="2024-06-28T15:07:39.615681" hostname="Shahbaz-Yw"><testcase classname="login_features.login.Login functionality" name="Verify user login" status="passed" time="18.163719"><system-out>
<![CDATA[
@scenario.begin

  @login @retry
  Scenario: Verify user login
    Given launch chrome browser ... passed in 6.158s
    When open Yieldwerx link ... passed in 2.609s
    And enter username and password ... passed in 0.170s
    And click on login button ... passed in 3.186s
    Then user must login to the main screen ... passed in 3.710s
    And close browser ... passed in 2.331s

@scenario.end
--------------------------------------------------------------------------------
]]>
</system-out></testcase></testsuite>